Building DAG of jobs...
Using shell: /usr/bin/bash
Provided cores: 8
Rules claiming more threads will be scaled down.
Job stats:
job                               count    min threads    max threads
------------------------------  -------  -------------  -------------
bowtie_build                          1              1              1
bowtie_map_raw                        2              4              4
create_logo                           4              1              1
extract_fastq_from_bam                4              1              1
extract_original_fastq                2              1              1
filer_mapped_bam                      2              1              1
filter_unmapped_bam                   2              1              1
output                                1              1              1
split_original_reads_by_length        4              1              1
total                                22              1              4

Select jobs to execute...

[Wed Dec  1 12:53:38 2021]
rule bowtie_build:
    input: data/reference/genome.fna
    output: data/reference/genome.1.ebwt, data/reference/genome.2.ebwt, data/reference/genome.3.ebwt, data/reference/genome.4.ebwt, data/reference/genome.rev.1.ebwt, data/reference/genome.rev.2.ebwt
    jobid: 5
    resources: tmpdir=/tmp

[Wed Dec  1 12:53:39 2021]
Finished job 5.
1 of 22 steps (5%) done
Select jobs to execute...

[Wed Dec  1 12:53:39 2021]
rule bowtie_map_raw:
    input: data/reads/reads_2.fq, data/reference/genome.1.ebwt, data/reference/genome.2.ebwt, data/reference/genome.3.ebwt, data/reference/genome.4.ebwt, data/reference/genome.rev.1.ebwt, data/reference/genome.rev.2.ebwt
    output: results/iter_0/alignments/reads_2.bam
    jobid: 15
    wildcards: dataset_id=reads_2
    threads: 4
    resources: tmpdir=/tmp


[Wed Dec  1 12:53:39 2021]
rule bowtie_map_raw:
    input: data/reads/reads_1.fq, data/reference/genome.1.ebwt, data/reference/genome.2.ebwt, data/reference/genome.3.ebwt, data/reference/genome.4.ebwt, data/reference/genome.rev.1.ebwt, data/reference/genome.rev.2.ebwt
    output: results/iter_0/alignments/reads_1.bam
    jobid: 7
    wildcards: dataset_id=reads_1
    threads: 4
    resources: tmpdir=/tmp

[Wed Dec  1 12:53:39 2021]
Finished job 15.
2 of 22 steps (9%) done
Select jobs to execute...

[Wed Dec  1 12:53:39 2021]
rule filer_mapped_bam:
    input: results/iter_0/alignments/reads_2.bam
    output: results/iter_0/alignments/reads_2_mapped.bam
    jobid: 14
    wildcards: dataset_id=reads_2
    resources: tmpdir=/tmp


[Wed Dec  1 12:53:39 2021]
rule filter_unmapped_bam:
    input: results/iter_0/alignments/reads_2.bam
    output: results/iter_0/alignments/reads_2_unmapped.bam
    jobid: 21
    wildcards: dataset_id=reads_2
    resources: tmpdir=/tmp

[Wed Dec  1 12:53:39 2021]
Finished job 7.
3 of 22 steps (14%) done
Select jobs to execute...

[Wed Dec  1 12:53:39 2021]
rule filter_unmapped_bam:
    input: results/iter_0/alignments/reads_1.bam
    output: results/iter_0/alignments/reads_1_unmapped.bam
    jobid: 19
    wildcards: dataset_id=reads_1
    resources: tmpdir=/tmp


[Wed Dec  1 12:53:39 2021]
rule filer_mapped_bam:
    input: results/iter_0/alignments/reads_1.bam
    output: results/iter_0/alignments/reads_1_mapped.bam
    jobid: 6
    wildcards: dataset_id=reads_1
    resources: tmpdir=/tmp

[Wed Dec  1 12:53:39 2021]
Finished job 14.
4 of 22 steps (18%) done
[Wed Dec  1 12:53:40 2021]
Finished job 21.
5 of 22 steps (23%) done
Select jobs to execute...

[Wed Dec  1 12:53:40 2021]
rule extract_fastq_from_bam:
    input: results/iter_0/alignments/reads_2_unmapped.bam
    output: results/iter_0/fastq/reads_2_unmapped.fq
    jobid: 20
    wildcards: dataset_id=reads_2, type=unmapped
    resources: tmpdir=/tmp


[Wed Dec  1 12:53:40 2021]
rule extract_fastq_from_bam:
    input: results/iter_0/alignments/reads_2_mapped.bam
    output: results/iter_0/fastq/reads_2_mapped.fq
    jobid: 13
    wildcards: dataset_id=reads_2, type=mapped
    resources: tmpdir=/tmp

[Wed Dec  1 12:53:40 2021]
Finished job 19.
6 of 22 steps (27%) done
[Wed Dec  1 12:53:40 2021]
Finished job 6.
7 of 22 steps (32%) done
Select jobs to execute...

[Wed Dec  1 12:53:40 2021]
rule extract_fastq_from_bam:
    input: results/iter_0/alignments/reads_1_mapped.bam
    output: results/iter_0/fastq/reads_1_mapped.fq
    jobid: 4
    wildcards: dataset_id=reads_1, type=mapped
    resources: tmpdir=/tmp


[Wed Dec  1 12:53:40 2021]
rule extract_fastq_from_bam:
    input: results/iter_0/alignments/reads_1_unmapped.bam
    output: results/iter_0/fastq/reads_1_unmapped.fq
    jobid: 18
    wildcards: dataset_id=reads_1, type=unmapped
    resources: tmpdir=/tmp

[Wed Dec  1 12:53:40 2021]
Finished job 20.
8 of 22 steps (36%) done
[Wed Dec  1 12:53:40 2021]
Finished job 13.
9 of 22 steps (41%) done
Select jobs to execute...

[Wed Dec  1 12:53:40 2021]
rule extract_original_fastq:
    input: data/reads/reads_2.fq, results/iter_0/fastq/reads_2_mapped.fq
    output: results/iter_0/original/reads_2_mapped.fq
    jobid: 12
    wildcards: dataset_id=reads_2
    resources: tmpdir=/tmp

[Wed Dec  1 12:53:40 2021]
Finished job 4.
10 of 22 steps (45%) done
[Wed Dec  1 12:53:40 2021]
Error in rule extract_original_fastq:
    jobid: 12
    output: results/iter_0/original/reads_2_mapped.fq
    shell:
        seqtk subseq data/reads/reads_2.fq <(awk 'NR % 4 == 1' results/iter_0/fastq/reads_2_mapped.fq | sed 's/@//') > results/iter_0/original/reads_2_mapped.fq
        (one of the commands exited with non-zero exit code; note that snakemake uses bash strict mode!)

[Wed Dec  1 12:53:40 2021]
Finished job 18.
11 of 22 steps (50%) done
Select jobs to execute...

[Wed Dec  1 12:53:40 2021]
rule extract_original_fastq:
    input: data/reads/reads_1.fq, results/iter_0/fastq/reads_1_mapped.fq
    output: results/iter_0/original/reads_1_mapped.fq
    jobid: 3
    wildcards: dataset_id=reads_1
    resources: tmpdir=/tmp

Removing output files of failed job extract_original_fastq since they might be corrupted:
results/iter_0/original/reads_2_mapped.fq
[Wed Dec  1 12:53:40 2021]
Error in rule extract_original_fastq:
    jobid: 3
    output: results/iter_0/original/reads_1_mapped.fq
    shell:
        seqtk subseq data/reads/reads_1.fq <(awk 'NR % 4 == 1' results/iter_0/fastq/reads_1_mapped.fq | sed 's/@//') > results/iter_0/original/reads_1_mapped.fq
        (one of the commands exited with non-zero exit code; note that snakemake uses bash strict mode!)

Removing output files of failed job extract_original_fastq since they might be corrupted:
results/iter_0/original/reads_1_mapped.fq
Shutting down, this might take some time.
Exiting because a job execution failed. Look above for error message
Complete log: /mnt/c/Users/Yulia_Iakovleva/Workdir/Wuppertal/test-pipeline/example/.snakemake/log/2021-12-01T125337.566051.snakemake.log
