Building DAG of jobs...
Using shell: /usr/bin/bash
Provided cores: 8
Rules claiming more threads will be scaled down.
Job stats:
job                               count    min threads    max threads
------------------------------  -------  -------------  -------------
bowtie_build                          1              1              1
bowtie_map_raw                        2              4              4
create_logo                           4              1              1
extract_fastq_from_bam                4              1              1
extract_original_fastq                2              1              1
filer_mapped_bam                      2              1              1
filter_unmapped_bam                   2              1              1
output                                1              1              1
split_original_reads_by_length        4              1              1
total                                22              1              4

Select jobs to execute...

[Wed Dec  1 12:51:11 2021]
rule bowtie_build:
    input: data/reference/genome.fna
    output: data/reference/genome.1.ebwt, data/reference/genome.2.ebwt, data/reference/genome.3.ebwt, data/reference/genome.4.ebwt, data/reference/genome.rev.1.ebwt, data/reference/genome.rev.2.ebwt
    jobid: 5
    resources: tmpdir=/tmp

[Wed Dec  1 12:51:11 2021]
Error in rule bowtie_build:
    jobid: 5
    output: data/reference/genome.1.ebwt, data/reference/genome.2.ebwt, data/reference/genome.3.ebwt, data/reference/genome.4.ebwt, data/reference/genome.rev.1.ebwt, data/reference/genome.rev.2.ebwt
    shell:
        bowtie-build data/reference/genome.fna data/reference/genome
        (one of the commands exited with non-zero exit code; note that snakemake uses bash strict mode!)

Shutting down, this might take some time.
Exiting because a job execution failed. Look above for error message
Complete log: /mnt/c/Users/Yulia_Iakovleva/Workdir/Wuppertal/test-pipeline/example/.snakemake/log/2021-12-01T125111.032956.snakemake.log
