Building DAG of jobs...
Using shell: /usr/bin/bash
Provided cores: 4
Rules claiming more threads will be scaled down.
Job stats:
job                               count    min threads    max threads
------------------------------  -------  -------------  -------------
bowtie_map_raw                        1              4              4
create_logo                           2              1              1
extract_fastq_from_bam                2              1              1
extract_original_fastq                1              1              1
filer_mapped_bam                      1              1              1
filter_unmapped_bam                   1              1              1
output                                1              1              1
split_original_reads_by_length        2              1              1
total                                11              1              4

Select jobs to execute...

[Wed Dec  1 13:09:01 2021]
rule bowtie_map_raw:
    input: data/reads/reads_2.fq, data/reference/genome.1.ebwt, data/reference/genome.2.ebwt, data/reference/genome.3.ebwt, data/reference/genome.4.ebwt, data/reference/genome.rev.1.ebwt, data/reference/genome.rev.2.ebwt
    output: results/iter_0/alignments/reads_2.bam
    jobid: 15
    wildcards: dataset_id=reads_2
    threads: 4
    resources: tmpdir=/tmp

[Wed Dec  1 13:09:01 2021]
Finished job 15.
1 of 11 steps (9%) done
Select jobs to execute...

[Wed Dec  1 13:09:01 2021]
rule filer_mapped_bam:
    input: results/iter_0/alignments/reads_2.bam
    output: results/iter_0/alignments/reads_2_mapped.bam
    jobid: 14
    wildcards: dataset_id=reads_2
    resources: tmpdir=/tmp


[Wed Dec  1 13:09:01 2021]
rule filter_unmapped_bam:
    input: results/iter_0/alignments/reads_2.bam
    output: results/iter_0/alignments/reads_2_unmapped.bam
    jobid: 21
    wildcards: dataset_id=reads_2
    resources: tmpdir=/tmp

[Wed Dec  1 13:09:01 2021]
Finished job 14.
2 of 11 steps (18%) done
Select jobs to execute...

[Wed Dec  1 13:09:01 2021]
rule extract_fastq_from_bam:
    input: results/iter_0/alignments/reads_2_mapped.bam
    output: results/iter_0/fastq/reads_2_mapped.fq
    jobid: 13
    wildcards: dataset_id=reads_2, type=mapped
    resources: tmpdir=/tmp

[Wed Dec  1 13:09:01 2021]
Finished job 21.
3 of 11 steps (27%) done
Select jobs to execute...

[Wed Dec  1 13:09:01 2021]
rule extract_fastq_from_bam:
    input: results/iter_0/alignments/reads_2_unmapped.bam
    output: results/iter_0/fastq/reads_2_unmapped.fq
    jobid: 20
    wildcards: dataset_id=reads_2, type=unmapped
    resources: tmpdir=/tmp

[Wed Dec  1 13:09:01 2021]
Finished job 13.
4 of 11 steps (36%) done
Select jobs to execute...

[Wed Dec  1 13:09:01 2021]
rule extract_original_fastq:
    input: data/reads/reads_2.fq, results/iter_0/fastq/reads_2_mapped.fq
    output: results/iter_0/original/reads_2_mapped.fq
    jobid: 12
    wildcards: dataset_id=reads_2
    resources: tmpdir=/tmp

[Wed Dec  1 13:09:01 2021]
Finished job 20.
5 of 11 steps (45%) done
[Wed Dec  1 13:09:01 2021]
Finished job 12.
6 of 11 steps (55%) done
Select jobs to execute...

[Wed Dec  1 13:09:01 2021]
rule split_original_reads_by_length:
    input: results/iter_0/original/reads_2_mapped.fq
    output: results/iter_0/original/reads_2_mapped_18.fa
    jobid: 17
    wildcards: dataset_id=reads_2, n=18
    resources: tmpdir=/tmp


[Wed Dec  1 13:09:01 2021]
rule split_original_reads_by_length:
    input: results/iter_0/original/reads_2_mapped.fq
    output: results/iter_0/original/reads_2_mapped_17.fa
    jobid: 11
    wildcards: dataset_id=reads_2, n=17
    resources: tmpdir=/tmp

[Wed Dec  1 13:09:01 2021]
Finished job 17.
7 of 11 steps (64%) done
Select jobs to execute...

[Wed Dec  1 13:09:01 2021]
rule create_logo:
    input: results/iter_0/original/reads_2_mapped_18.fa
    output: results/iter_0/original/reads_2_mapped_18.pdf
    jobid: 16
    wildcards: dataset_id=reads_2, n=18
    resources: tmpdir=/tmp

[Wed Dec  1 13:09:01 2021]
Finished job 11.
8 of 11 steps (73%) done
Select jobs to execute...

[Wed Dec  1 13:09:01 2021]
rule create_logo:
    input: results/iter_0/original/reads_2_mapped_17.fa
    output: results/iter_0/original/reads_2_mapped_17.pdf
    jobid: 10
    wildcards: dataset_id=reads_2, n=17
    resources: tmpdir=/tmp

[Wed Dec  1 13:09:02 2021]
Finished job 16.
9 of 11 steps (82%) done
[Wed Dec  1 13:09:02 2021]
Finished job 10.
10 of 11 steps (91%) done
Select jobs to execute...

[Wed Dec  1 13:09:02 2021]
localrule output:
    input: results/iter_0/original/reads_1_mapped_17.pdf, results/iter_0/original/reads_1_mapped_18.pdf, results/iter_0/original/reads_2_mapped_17.pdf, results/iter_0/original/reads_2_mapped_18.pdf, results/iter_0/fastq/reads_1_mapped.fq, results/iter_0/fastq/reads_1_unmapped.fq, results/iter_0/fastq/reads_2_mapped.fq, results/iter_0/fastq/reads_2_unmapped.fq
    jobid: 0
    resources: tmpdir=/tmp

[Wed Dec  1 13:09:02 2021]
Finished job 0.
11 of 11 steps (100%) done
Complete log: /mnt/c/Users/Yulia_Iakovleva/Workdir/Wuppertal/test-pipeline/example/.snakemake/log/2021-12-01T130900.863625.snakemake.log
