Building DAG of jobs...
Using shell: /usr/bin/bash
Provided cores: 8
Rules claiming more threads will be scaled down.
Job stats:
job                               count    min threads    max threads
------------------------------  -------  -------------  -------------
create_logo                           4              1              1
extract_original_fastq                2              1              1
output                                1              1              1
split_original_reads_by_length        4              1              1
total                                11              1              1

Select jobs to execute...

[Wed Dec  1 12:54:36 2021]
rule extract_original_fastq:
    input: data/reads/reads_1.fq, results/iter_0/fastq/reads_1_mapped.fq
    output: results/iter_0/original/reads_1_mapped.fq
    jobid: 3
    wildcards: dataset_id=reads_1
    resources: tmpdir=/tmp


[Wed Dec  1 12:54:36 2021]
rule extract_original_fastq:
    input: data/reads/reads_2.fq, results/iter_0/fastq/reads_2_mapped.fq
    output: results/iter_0/original/reads_2_mapped.fq
    jobid: 12
    wildcards: dataset_id=reads_2
    resources: tmpdir=/tmp

[Wed Dec  1 12:54:36 2021]
Finished job 3.
1 of 11 steps (9%) done
Select jobs to execute...

[Wed Dec  1 12:54:36 2021]
rule split_original_reads_by_length:
    input: results/iter_0/original/reads_1_mapped.fq
    output: results/iter_0/original/reads_1_mapped_18.fq
    jobid: 9
    wildcards: dataset_id=reads_1, n=18
    resources: tmpdir=/tmp


[Wed Dec  1 12:54:36 2021]
rule split_original_reads_by_length:
    input: results/iter_0/original/reads_1_mapped.fq
    output: results/iter_0/original/reads_1_mapped_17.fq
    jobid: 2
    wildcards: dataset_id=reads_1, n=17
    resources: tmpdir=/tmp

[Wed Dec  1 12:54:36 2021]
Finished job 12.
2 of 11 steps (18%) done
Select jobs to execute...

[Wed Dec  1 12:54:36 2021]
rule split_original_reads_by_length:
    input: results/iter_0/original/reads_2_mapped.fq
    output: results/iter_0/original/reads_2_mapped_18.fq
    jobid: 17
    wildcards: dataset_id=reads_2, n=18
    resources: tmpdir=/tmp


[Wed Dec  1 12:54:36 2021]
rule split_original_reads_by_length:
    input: results/iter_0/original/reads_2_mapped.fq
    output: results/iter_0/original/reads_2_mapped_17.fq
    jobid: 11
    wildcards: dataset_id=reads_2, n=17
    resources: tmpdir=/tmp

[Wed Dec  1 12:54:37 2021]
Finished job 2.
3 of 11 steps (27%) done
Select jobs to execute...

[Wed Dec  1 12:54:37 2021]
rule create_logo:
    input: results/iter_0/original/reads_1_mapped_17.fq
    output: results/iter_0/original/reads_1_mapped_17.pdf
    jobid: 1
    wildcards: dataset_id=reads_1, n=17
    resources: tmpdir=/tmp

[Wed Dec  1 12:54:37 2021]
Finished job 17.
4 of 11 steps (36%) done
[Wed Dec  1 12:54:37 2021]
Error in rule create_logo:
    jobid: 1
    output: results/iter_0/original/reads_1_mapped_17.pdf
    shell:
        
        weblogo -S 1.0             -s large             --ticmarks 0.5             --errorbar-gray 0.1             -y bits             --number-fontsize 17             --fontsize 21             --small-fontsize 1             -c classic             --text-font Helvetica             --logo-font Helvetica             --title-font Helvetica             --number-interval 5             --stack-width 12             --resolution 600             --aspect-ratio 5             --format pdf             --fin results/iter_0/original/reads_1_mapped_17.fq             --fout results/iter_0/original/reads_1_mapped_17.pdf
        
        (one of the commands exited with non-zero exit code; note that snakemake uses bash strict mode!)

[Wed Dec  1 12:54:37 2021]
Finished job 9.
5 of 11 steps (45%) done
[Wed Dec  1 12:54:37 2021]
Finished job 11.
6 of 11 steps (55%) done
Select jobs to execute...

[Wed Dec  1 12:54:37 2021]
rule create_logo:
    input: results/iter_0/original/reads_1_mapped_18.fq
    output: results/iter_0/original/reads_1_mapped_18.pdf
    jobid: 8
    wildcards: dataset_id=reads_1, n=18
    resources: tmpdir=/tmp


[Wed Dec  1 12:54:37 2021]
rule create_logo:
    input: results/iter_0/original/reads_2_mapped_18.fq
    output: results/iter_0/original/reads_2_mapped_18.pdf
    jobid: 16
    wildcards: dataset_id=reads_2, n=18
    resources: tmpdir=/tmp


[Wed Dec  1 12:54:37 2021]
rule create_logo:
    input: results/iter_0/original/reads_2_mapped_17.fq
    output: results/iter_0/original/reads_2_mapped_17.pdf
    jobid: 10
    wildcards: dataset_id=reads_2, n=17
    resources: tmpdir=/tmp

[Wed Dec  1 12:54:37 2021]
Error in rule create_logo:
    jobid: 8
    output: results/iter_0/original/reads_1_mapped_18.pdf
    shell:
        
        weblogo -S 1.0             -s large             --ticmarks 0.5             --errorbar-gray 0.1             -y bits             --number-fontsize 17             --fontsize 21             --small-fontsize 1             -c classic             --text-font Helvetica             --logo-font Helvetica             --title-font Helvetica             --number-interval 5             --stack-width 12             --resolution 600             --aspect-ratio 5             --format pdf             --fin results/iter_0/original/reads_1_mapped_18.fq             --fout results/iter_0/original/reads_1_mapped_18.pdf
        
        (one of the commands exited with non-zero exit code; note that snakemake uses bash strict mode!)

[Wed Dec  1 12:54:37 2021]
Error in rule create_logo:
    jobid: 16
    output: results/iter_0/original/reads_2_mapped_18.pdf
    shell:
        
        weblogo -S 1.0             -s large             --ticmarks 0.5             --errorbar-gray 0.1             -y bits             --number-fontsize 17             --fontsize 21             --small-fontsize 1             -c classic             --text-font Helvetica             --logo-font Helvetica             --title-font Helvetica             --number-interval 5             --stack-width 12             --resolution 600             --aspect-ratio 5             --format pdf             --fin results/iter_0/original/reads_2_mapped_18.fq             --fout results/iter_0/original/reads_2_mapped_18.pdf
        
        (one of the commands exited with non-zero exit code; note that snakemake uses bash strict mode!)

[Wed Dec  1 12:54:37 2021]
Error in rule create_logo:
    jobid: 10
    output: results/iter_0/original/reads_2_mapped_17.pdf
    shell:
        
        weblogo -S 1.0             -s large             --ticmarks 0.5             --errorbar-gray 0.1             -y bits             --number-fontsize 17             --fontsize 21             --small-fontsize 1             -c classic             --text-font Helvetica             --logo-font Helvetica             --title-font Helvetica             --number-interval 5             --stack-width 12             --resolution 600             --aspect-ratio 5             --format pdf             --fin results/iter_0/original/reads_2_mapped_17.fq             --fout results/iter_0/original/reads_2_mapped_17.pdf
        
        (one of the commands exited with non-zero exit code; note that snakemake uses bash strict mode!)

Shutting down, this might take some time.
Exiting because a job execution failed. Look above for error message
Complete log: /mnt/c/Users/Yulia_Iakovleva/Workdir/Wuppertal/test-pipeline/example/.snakemake/log/2021-12-01T125435.379856.snakemake.log
